<?xml version="1.0" encoding="UTF-8"?>
<!-- Generated by org.testng.reporters.JUnitReportReporter -->
<testsuite hostname="ravis-MacBook-Air.local" name="com.test.MoneyTransfer.AppTest" tests="1" failures="0" timestamp="12 Mar 2018 03:17:00 GMT" time="26.061" errors="0">
  <testcase name="Transfast" time="26.061" classname="com.test.MoneyTransfer.AppTest"/>
</testsuite> <!-- com.test.MoneyTransfer.AppTest -->
