<?xml version="1.0" encoding="UTF-8"?>
<!-- Generated by org.testng.reporters.JUnitReportReporter -->
<testsuite hostname="ravis-MacBook-Air.local" name="com.test.MoneyTransfer.AppTest" tests="3" failures="0" timestamp="29 Nov 2017 05:02:47 GMT" time="30.948" errors="0">
  <testcase name="main" time="15.101" classname="com.test.MoneyTransfer.AppTest"/>
  <testcase name="Transfast" time="9.044" classname="com.test.MoneyTransfer.AppTest"/>
  <testcase name="Xoom" time="6.803" classname="com.test.MoneyTransfer.AppTest"/>
</testsuite> <!-- com.test.MoneyTransfer.AppTest -->
